app/build/outputs/logs/manifest-merger-debug-report.txt
-- Merging decision tree log ---
manifest
ADDED from src/main/AndroidManifest.xml:2:1-22:12
INJECTED from src/main/AndroidManifest.xml:2:1-22:12
INJECTED from src/main/AndroidManifest.xml:2:1-22:12
INJECTED from src/main/AndroidManifest.xml:2:1-22:12
MERGED from [com.android.support.constraint:constraint-layout:1.0.2] AndroidManifest.xml:2:1-11:12
MERGED from [:alfalibs] AndroidManifest.xml:2:1-21:12
MERGED from [com.jakewharton:butterknife:8.6.0] AndroidManifest.xml:2:1-7:12
MERGED from [com.appeaser.sublimenavigationviewlibrary:sublimenavigationviewlibrary:0.0.1] AndroidManifest.xml:2:1-16:12
MERGED from [ca.barrenechea.header-decor:header-decor:0.2.8] AndroidManifest.xml:17:1-29:12
MERGED from [com.afollestad.material-dialogs:core:0.9.4.3] AndroidManifest.xml:2:1-15:12
MERGED from [com.codewaves.stickyheadergrid:stickyheadergrid:0.9.6] AndroidManifest.xml:2:1-12:12
MERGED from [com.android.support:support-v13:25.3.1] AndroidManifest.xml:17:1-31:12
MERGED from [me.zhanghai.android.materialprogressbar:library:1.4.0] AndroidManifest.xml:6:1-16:12
MERGED from [org.fingerlinks.mobile.android:Navigator:0.1.5] AndroidManifest.xml:2:1-15:12
MERGED from [com.cjj.materialrefeshlayout:library:1.3.0] AndroidManifest.xml:2:1-11:12
MERGED from [com.google.android.gms:play-services-maps:10.2.1] AndroidManifest.xml:16:1-25:12
MERGED from [com.google.android.gms:play-services-auth:10.2.1] AndroidManifest.xml:16:1-26:12
MERGED from [com.google.android.gms:play-services-auth-base:10.2.1] AndroidManifest.xml:2:1-5:12
MERGED from [com.google.android.gms:play-services-base:10.2.1] AndroidManifest.xml:16:1-21:12
MERGED from [com.google.android.gms:play-services-tasks:10.2.1] AndroidManifest.xml:2:1-5:12
MERGED from [com.google.android.gms:play-services-basement:10.2.1] AndroidManifest.xml:16:1-23:12
MERGED from [com.yarolegovich:discrete-scrollview:1.2.0] AndroidManifest.xml:2:1-12:12
MERGED from [com.github.dmallcott:DismissibleImageView:1.0.1] AndroidManifest.xml:2:1-17:12
MERGED from [com.github.jrvansuita:CheckNewAppVersionAvailable:v1.0.0] AndroidManifest.xml:2:1-17:12
MERGED from [com.android.support:appcompat-v7:25.3.1] AndroidManifest.xml:17:1-31:12
MERGED from [com.android.support:support-v4:25.3.1] AndroidManifest.xml:17:1-31:12
MERGED from [com.android.support:support-fragment:25.3.1] AndroidManifest.xml:17:1-31:12
MERGED from [com.android.support:support-media-compat:25.3.1] AndroidManifest.xml:17:1-31:12
MERGED from [com.android.support:support-core-utils:25.3.1] AndroidManifest.xml:17:1-31:12
MERGED from [com.github.markomilos:paginate:0.5.1] AndroidManifest.xml:2:1-8:12
MERGED from [com.android.support:recyclerview-v7:25.3.1] AndroidManifest.xml:17:1-26:12
MERGED from [com.android.support:support-core-ui:25.3.1] AndroidManifest.xml:17:1-31:12
MERGED from [com.android.support:percent:25.3.1] AndroidManifest.xml:17:1-28:12
MERGED from [com.android.support:animated-vector-drawable:25.3.1] AndroidManifest.xml:17:1-28:12
MERGED from [com.android.support:support-vector-drawable:25.3.1] AndroidManifest.xml:17:1-28:12
MERGED from [com.android.support:support-compat:25.3.1] AndroidManifest.xml:17:1-31:12
MERGED from [com.github.mirrajabi:okhttp-json-mock:1.1.1] AndroidManifest.xml:2:1-17:12
MERGED from [io.reactivex.rxjava2:rxandroid:2.0.1] AndroidManifest.xml:15:1-21:12
MERGED from [com.github.soroushjavdan:CustomFontWidgets:29426641f6] AndroidManifest.xml:2:1-16:12
MERGED from [com.devs:acr:1.0.1] AndroidManifest.xml:2:1-21:12
MERGED from [com.github.orangegangsters:swipy:1.2.3] AndroidManifest.xml:2:1-14:12
MERGED from [com.github.omadahealth:swipy:1.2.3] AndroidManifest.xml:2:1-14:12
INJECTED from src/main/AndroidManifest.xml:2:1-22:12
INJECTED from src/main/AndroidManifest.xml:2:1-22:12
INJECTED from src/main/AndroidManifest.xml:2:1-22:12
	package
		ADDED from src/main/AndroidManifest.xml:3:5-40
		INJECTED from src/main/AndroidManifest.xml
		INJECTED from src/main/AndroidManifest.xml
	android:versionName
		INJECTED from src/main/AndroidManifest.xml
		ADDED from src/main/AndroidManifest.xml:2:1-22:12
		INJECTED from src/main/AndroidManifest.xml
	android:versionCode
		INJECTED from src/main/AndroidManifest.xml
		ADDED from src/main/AndroidManifest.xml:2:1-22:12
		INJECTED from src/main/AndroidManifest.xml
	xmlns:android
		ADDED from src/main/AndroidManifest.xml:2:11-69
application
ADDED from src/main/AndroidManifest.xml:5:5-20:19
MERGED from [com.android.support.constraint:constraint-layout:1.0.2] AndroidManifest.xml:9:5-20
MERGED from [com.android.support.constraint:constraint-layout:1.0.2] AndroidManifest.xml:9:5-20
MERGED from [:alfalibs] AndroidManifest.xml:16:5-19:19
MERGED from [:alfalibs] AndroidManifest.xml:16:5-19:19
MERGED from [com.appeaser.sublimenavigationviewlibrary:sublimenavigationviewlibrary:0.0.1] AndroidManifest.xml:11:5-14:19
MERGED from [com.appeaser.sublimenavigationviewlibrary:sublimenavigationviewlibrary:0.0.1] AndroidManifest.xml:11:5-14:19
MERGED from [ca.barrenechea.header-decor:header-decor:0.2.8] AndroidManifest.xml:27:5-20
MERGED from [ca.barrenechea.header-decor:header-decor:0.2.8] AndroidManifest.xml:27:5-20
MERGED from [com.afollestad.material-dialogs:core:0.9.4.3] AndroidManifest.xml:13:5-20
MERGED from [com.afollestad.material-dialogs:core:0.9.4.3] AndroidManifest.xml:13:5-20
MERGED from [com.android.support:support-v13:25.3.1] AndroidManifest.xml:29:5-20
MERGED from [com.android.support:support-v13:25.3.1] AndroidManifest.xml:29:5-20
MERGED from [org.fingerlinks.mobile.android:Navigator:0.1.5] AndroidManifest.xml:11:5-13:44
MERGED from [org.fingerlinks.mobile.android:Navigator:0.1.5] AndroidManifest.xml:11:5-13:44
MERGED from [com.google.android.gms:play-services-maps:10.2.1] AndroidManifest.xml:24:5-19
MERGED from [com.google.android.gms:play-services-maps:10.2.1] AndroidManifest.xml:24:5-19
MERGED from [com.google.android.gms:play-services-auth:10.2.1] AndroidManifest.xml:19:5-25:19
MERGED from [com.google.android.gms:play-services-auth:10.2.1] AndroidManifest.xml:19:5-25:19
MERGED from [com.google.android.gms:play-services-base:10.2.1] AndroidManifest.xml:18:5-20:19
MERGED from [com.google.android.gms:play-services-base:10.2.1] AndroidManifest.xml:18:5-20:19
MERGED from [com.google.android.gms:play-services-tasks:10.2.1] AndroidManifest.xml:4:5-19
MERGED from [com.google.android.gms:play-services-tasks:10.2.1] AndroidManifest.xml:4:5-19
MERGED from [com.google.android.gms:play-services-basement:10.2.1] AndroidManifest.xml:19:5-21:19
MERGED from [com.google.android.gms:play-services-basement:10.2.1] AndroidManifest.xml:19:5-21:19
MERGED from [com.github.dmallcott:DismissibleImageView:1.0.1] AndroidManifest.xml:11:5-15:19
MERGED from [com.github.dmallcott:DismissibleImageView:1.0.1] AndroidManifest.xml:11:5-15:19
MERGED from [com.github.jrvansuita:CheckNewAppVersionAvailable:v1.0.0] AndroidManifest.xml:11:5-15:19
MERGED from [com.github.jrvansuita:CheckNewAppVersionAvailable:v1.0.0] AndroidManifest.xml:11:5-15:19
MERGED from [com.android.support:appcompat-v7:25.3.1] AndroidManifest.xml:29:5-20
MERGED from [com.android.support:appcompat-v7:25.3.1] AndroidManifest.xml:29:5-20
MERGED from [com.android.support:support-v4:25.3.1] AndroidManifest.xml:29:5-20
MERGED from [com.android.support:support-v4:25.3.1] AndroidManifest.xml:29:5-20
MERGED from [com.android.support:support-fragment:25.3.1] AndroidManifest.xml:29:5-20
MERGED from [com.android.support:support-fragment:25.3.1] AndroidManifest.xml:29:5-20
MERGED from [com.android.support:support-media-compat:25.3.1] AndroidManifest.xml:29:5-20
MERGED from [com.android.support:support-media-compat:25.3.1] AndroidManifest.xml:29:5-20
MERGED from [com.android.support:support-core-utils:25.3.1] AndroidManifest.xml:29:5-20
MERGED from [com.android.support:support-core-utils:25.3.1] AndroidManifest.xml:29:5-20
MERGED from [com.android.support:support-core-ui:25.3.1] AndroidManifest.xml:29:5-20
MERGED from [com.android.support:support-core-ui:25.3.1] AndroidManifest.xml:29:5-20
MERGED from [com.android.support:percent:25.3.1] AndroidManifest.xml:26:5-20
MERGED from [com.android.support:percent:25.3.1] AndroidManifest.xml:26:5-20
MERGED from [com.android.support:animated-vector-drawable:25.3.1] AndroidManifest.xml:26:5-20
MERGED from [com.android.support:animated-vector-drawable:25.3.1] AndroidManifest.xml:26:5-20
MERGED from [com.android.support:support-vector-drawable:25.3.1] AndroidManifest.xml:26:5-20
MERGED from [com.android.support:support-vector-drawable:25.3.1] AndroidManifest.xml:26:5-20
MERGED from [com.android.support:support-compat:25.3.1] AndroidManifest.xml:29:5-20
MERGED from [com.android.support:support-compat:25.3.1] AndroidManifest.xml:29:5-20
MERGED from [com.github.mirrajabi:okhttp-json-mock:1.1.1] AndroidManifest.xml:11:5-15:19
MERGED from [com.github.mirrajabi:okhttp-json-mock:1.1.1] AndroidManifest.xml:11:5-15:19
MERGED from [com.github.soroushjavdan:CustomFontWidgets:29426641f6] AndroidManifest.xml:11:5-14:19
MERGED from [com.github.soroushjavdan:CustomFontWidgets:29426641f6] AndroidManifest.xml:11:5-14:19
MERGED from [com.devs:acr:1.0.1] AndroidManifest.xml:11:5-19:19
MERGED from [com.devs:acr:1.0.1] AndroidManifest.xml:11:5-19:19
MERGED from [com.github.orangegangsters:swipy:1.2.3] AndroidManifest.xml:11:5-12:19
MERGED from [com.github.orangegangsters:swipy:1.2.3] AndroidManifest.xml:11:5-12:19
MERGED from [com.github.omadahealth:swipy:1.2.3] AndroidManifest.xml:11:5-12:19
MERGED from [com.github.omadahealth:swipy:1.2.3] AndroidManifest.xml:11:5-12:19
	android:supportsRtl
		ADDED from src/main/AndroidManifest.xml:10:9-35
	android:label
		ADDED from src/main/AndroidManifest.xml:8:9-41
	android:roundIcon
		ADDED from src/main/AndroidManifest.xml:9:9-54
	android:icon
		ADDED from src/main/AndroidManifest.xml:7:9-43
	android:allowBackup
		ADDED from src/main/AndroidManifest.xml:6:9-35
	android:theme
		ADDED from src/main/AndroidManifest.xml:11:9-40
	android:name
		ADDED from src/main/AndroidManifest.xml:12:9-40
activity#com.alfarabi.alfalibsapps.MainActivity
ADDED from src/main/AndroidManifest.xml:13:9-19:20
	android:name
		ADDED from src/main/AndroidManifest.xml:13:19-47
intent-filter#android.intent.action.MAIN+android.intent.category.LAUNCHER
ADDED from src/main/AndroidManifest.xml:14:13-18:29
action#android.intent.action.MAIN
ADDED from src/main/AndroidManifest.xml:15:17-69
	android:name
		ADDED from src/main/AndroidManifest.xml:15:25-66
category#android.intent.category.LAUNCHER
ADDED from src/main/AndroidManifest.xml:17:17-77
	android:name
		ADDED from src/main/AndroidManifest.xml:17:27-74
uses-sdk
INJECTED from src/main/AndroidManifest.xml reason: use-sdk injection requested
INJECTED from src/main/AndroidManifest.xml
INJECTED from src/main/AndroidManifest.xml
MERGED from [com.android.support.constraint:constraint-layout:1.0.2] AndroidManifest.xml:5:5-7:41
MERGED from [com.android.support.constraint:constraint-layout:1.0.2] AndroidManifest.xml:5:5-7:41
MERGED from [:alfalibs] AndroidManifest.xml:8:5-10:41
MERGED from [:alfalibs] AndroidManifest.xml:8:5-10:41
MERGED from [com.jakewharton:butterknife:8.6.0] AndroidManifest.xml:5:5-43
MERGED from [com.jakewharton:butterknife:8.6.0] AndroidManifest.xml:5:5-43
MERGED from [com.appeaser.sublimenavigationviewlibrary:sublimenavigationviewlibrary:0.0.1] AndroidManifest.xml:7:5-9:41
MERGED from [com.appeaser.sublimenavigationviewlibrary:sublimenavigationviewlibrary:0.0.1] AndroidManifest.xml:7:5-9:41
MERGED from [ca.barrenechea.header-decor:header-decor:0.2.8] AndroidManifest.xml:23:5-25:41
MERGED from [ca.barrenechea.header-decor:header-decor:0.2.8] AndroidManifest.xml:23:5-25:41
MERGED from [com.afollestad.material-dialogs:core:0.9.4.3] AndroidManifest.xml:8:5-11:75
MERGED from [com.afollestad.material-dialogs:core:0.9.4.3] AndroidManifest.xml:8:5-11:75
MERGED from [com.codewaves.stickyheadergrid:stickyheadergrid:0.9.6] AndroidManifest.xml:8:5-10:41
MERGED from [com.codewaves.stickyheadergrid:stickyheadergrid:0.9.6] AndroidManifest.xml:8:5-10:41
MERGED from [com.android.support:support-v13:25.3.1] AndroidManifest.xml:21:5-23:55
MERGED from [com.android.support:support-v13:25.3.1] AndroidManifest.xml:21:5-23:55
MERGED from [me.zhanghai.android.materialprogressbar:library:1.4.0] AndroidManifest.xml:12:5-14:41
MERGED from [me.zhanghai.android.materialprogressbar:library:1.4.0] AndroidManifest.xml:12:5-14:41
MERGED from [org.fingerlinks.mobile.android:Navigator:0.1.5] AndroidManifest.xml:7:5-9:41
MERGED from [org.fingerlinks.mobile.android:Navigator:0.1.5] AndroidManifest.xml:7:5-9:41
MERGED from [com.cjj.materialrefeshlayout:library:1.3.0] AndroidManifest.xml:7:5-9:41
MERGED from [com.cjj.materialrefeshlayout:library:1.3.0] AndroidManifest.xml:7:5-9:41
MERGED from [com.google.android.gms:play-services-maps:10.2.1] AndroidManifest.xml:23:5-43
MERGED from [com.google.android.gms:play-services-maps:10.2.1] AndroidManifest.xml:23:5-43
MERGED from [com.google.android.gms:play-services-auth:10.2.1] AndroidManifest.xml:17:5-43
MERGED from [com.google.android.gms:play-services-auth:10.2.1] AndroidManifest.xml:17:5-43
MERGED from [com.google.android.gms:play-services-auth-base:10.2.1] AndroidManifest.xml:4:5-43
MERGED from [com.google.android.gms:play-services-auth-base:10.2.1] AndroidManifest.xml:4:5-43
MERGED from [com.google.android.gms:play-services-base:10.2.1] AndroidManifest.xml:17:5-43
MERGED from [com.google.android.gms:play-services-base:10.2.1] AndroidManifest.xml:17:5-43
MERGED from [com.google.android.gms:play-services-tasks:10.2.1] AndroidManifest.xml:3:5-43
MERGED from [com.google.android.gms:play-services-tasks:10.2.1] AndroidManifest.xml:3:5-43
MERGED from [com.google.android.gms:play-services-basement:10.2.1] AndroidManifest.xml:17:5-43
MERGED from [com.google.android.gms:play-services-basement:10.2.1] AndroidManifest.xml:17:5-43
MERGED from [com.yarolegovich:discrete-scrollview:1.2.0] AndroidManifest.xml:8:5-10:41
MERGED from [com.yarolegovich:discrete-scrollview:1.2.0] AndroidManifest.xml:8:5-10:41
MERGED from [com.github.dmallcott:DismissibleImageView:1.0.1] AndroidManifest.xml:7:5-9:41
MERGED from [com.github.dmallcott:DismissibleImageView:1.0.1] AndroidManifest.xml:7:5-9:41
MERGED from [com.github.jrvansuita:CheckNewAppVersionAvailable:v1.0.0] AndroidManifest.xml:7:5-9:41
MERGED from [com.github.jrvansuita:CheckNewAppVersionAvailable:v1.0.0] AndroidManifest.xml:7:5-9:41
MERGED from [com.android.support:appcompat-v7:25.3.1] AndroidManifest.xml:21:5-23:78
MERGED from [com.android.support:appcompat-v7:25.3.1] AndroidManifest.xml:21:5-23:78
MERGED from [com.android.support:support-v4:25.3.1] AndroidManifest.xml:21:5-23:54
MERGED from [com.android.support:support-v4:25.3.1] AndroidManifest.xml:21:5-23:54
MERGED from [com.android.support:support-fragment:25.3.1] AndroidManifest.xml:21:5-23:60
MERGED from [com.android.support:support-fragment:25.3.1] AndroidManifest.xml:21:5-23:60
MERGED from [com.android.support:support-media-compat:25.3.1] AndroidManifest.xml:21:5-23:63
MERGED from [com.android.support:support-media-compat:25.3.1] AndroidManifest.xml:21:5-23:63
MERGED from [com.android.support:support-core-utils:25.3.1] AndroidManifest.xml:21:5-23:61
MERGED from [com.android.support:support-core-utils:25.3.1] AndroidManifest.xml:21:5-23:61
MERGED from [com.github.markomilos:paginate:0.5.1] AndroidManifest.xml:6:5-43
MERGED from [com.github.markomilos:paginate:0.5.1] AndroidManifest.xml:6:5-43
MERGED from [com.android.support:recyclerview-v7:25.3.1] AndroidManifest.xml:20:5-43
MERGED from [com.android.support:recyclerview-v7:25.3.1] AndroidManifest.xml:20:5-43
MERGED from [com.android.support:support-core-ui:25.3.1] AndroidManifest.xml:21:5-23:58
MERGED from [com.android.support:support-core-ui:25.3.1] AndroidManifest.xml:21:5-23:58
MERGED from [com.android.support:percent:25.3.1] AndroidManifest.xml:20:5-43
MERGED from [com.android.support:percent:25.3.1] AndroidManifest.xml:20:5-43
MERGED from [com.android.support:animated-vector-drawable:25.3.1] AndroidManifest.xml:20:5-44
MERGED from [com.android.support:animated-vector-drawable:25.3.1] AndroidManifest.xml:20:5-44
MERGED from [com.android.support:support-vector-drawable:25.3.1] AndroidManifest.xml:20:5-43
MERGED from [com.android.support:support-vector-drawable:25.3.1] AndroidManifest.xml:20:5-43
MERGED from [com.android.support:support-compat:25.3.1] AndroidManifest.xml:21:5-23:58
MERGED from [com.android.support:support-compat:25.3.1] AndroidManifest.xml:21:5-23:58
MERGED from [com.github.mirrajabi:okhttp-json-mock:1.1.1] AndroidManifest.xml:7:5-9:41
MERGED from [com.github.mirrajabi:okhttp-json-mock:1.1.1] AndroidManifest.xml:7:5-9:41
MERGED from [io.reactivex.rxjava2:rxandroid:2.0.1] AndroidManifest.xml:19:5-43
MERGED from [io.reactivex.rxjava2:rxandroid:2.0.1] AndroidManifest.xml:19:5-43
MERGED from [com.github.soroushjavdan:CustomFontWidgets:29426641f6] AndroidManifest.xml:7:5-9:41
MERGED from [com.github.soroushjavdan:CustomFontWidgets:29426641f6] AndroidManifest.xml:7:5-9:41
MERGED from [com.devs:acr:1.0.1] AndroidManifest.xml:7:5-9:41
MERGED from [com.devs:acr:1.0.1] AndroidManifest.xml:7:5-9:41
MERGED from [com.github.orangegangsters:swipy:1.2.3] AndroidManifest.xml:7:5-9:41
MERGED from [com.github.orangegangsters:swipy:1.2.3] AndroidManifest.xml:7:5-9:41
MERGED from [com.github.omadahealth:swipy:1.2.3] AndroidManifest.xml:7:5-9:41
MERGED from [com.github.omadahealth:swipy:1.2.3] AndroidManifest.xml:7:5-9:41
INJECTED from src/main/AndroidManifest.xml
INJECTED from src/main/AndroidManifest.xml
	tools:overrideLibrary
		ADDED from [com.afollestad.material-dialogs:core:0.9.4.3] AndroidManifest.xml:11:9-72
	android:targetSdkVersion
		INJECTED from src/main/AndroidManifest.xml
		ADDED from src/main/AndroidManifest.xml
		INJECTED from src/main/AndroidManifest.xml
	android:minSdkVersion
		INJECTED from src/main/AndroidManifest.xml
		ADDED from src/main/AndroidManifest.xml
		INJECTED from src/main/AndroidManifest.xml
uses-permission#android.permission.INTERNET
ADDED from [:alfalibs] AndroidManifest.xml:13:5-67
MERGED from [com.google.android.gms:play-services-maps:10.2.1] AndroidManifest.xml:20:5-66
MERGED from [com.google.android.gms:play-services-maps:10.2.1] AndroidManifest.xml:20:5-66
	android:name
		ADDED from [:alfalibs] AndroidManifest.xml:13:22-64
uses-permission#android.permission.ACCESS_NETWORK_STATE
ADDED from [:alfalibs] AndroidManifest.xml:14:5-79
MERGED from [com.google.android.gms:play-services-maps:10.2.1] AndroidManifest.xml:19:5-78
MERGED from [com.google.android.gms:play-services-maps:10.2.1] AndroidManifest.xml:19:5-78
	android:name
		ADDED from [:alfalibs] AndroidManifest.xml:14:22-76
meta-data#android.support.VERSION
ADDED from [com.android.support:support-v13:25.3.1] AndroidManifest.xml:25:5-27:34
MERGED from [com.android.support:appcompat-v7:25.3.1] AndroidManifest.xml:25:5-27:34
MERGED from [com.android.support:appcompat-v7:25.3.1] AndroidManifest.xml:25:5-27:34
MERGED from [com.android.support:support-v4:25.3.1] AndroidManifest.xml:25:5-27:34
MERGED from [com.android.support:support-v4:25.3.1] AndroidManifest.xml:25:5-27:34
MERGED from [com.android.support:support-fragment:25.3.1] AndroidManifest.xml:25:5-27:34
MERGED from [com.android.support:support-fragment:25.3.1] AndroidManifest.xml:25:5-27:34
MERGED from [com.android.support:support-media-compat:25.3.1] AndroidManifest.xml:25:5-27:34
MERGED from [com.android.support:support-media-compat:25.3.1] AndroidManifest.xml:25:5-27:34
MERGED from [com.android.support:support-core-utils:25.3.1] AndroidManifest.xml:25:5-27:34
MERGED from [com.android.support:support-core-utils:25.3.1] AndroidManifest.xml:25:5-27:34
MERGED from [com.android.support:recyclerview-v7:25.3.1] AndroidManifest.xml:22:5-24:34
MERGED from [com.android.support:recyclerview-v7:25.3.1] AndroidManifest.xml:22:5-24:34
MERGED from [com.android.support:support-core-ui:25.3.1] AndroidManifest.xml:25:5-27:34
MERGED from [com.android.support:support-core-ui:25.3.1] AndroidManifest.xml:25:5-27:34
MERGED from [com.android.support:percent:25.3.1] AndroidManifest.xml:22:5-24:34
MERGED from [com.android.support:percent:25.3.1] AndroidManifest.xml:22:5-24:34
MERGED from [com.android.support:animated-vector-drawable:25.3.1] AndroidManifest.xml:22:5-24:34
MERGED from [com.android.support:animated-vector-drawable:25.3.1] AndroidManifest.xml:22:5-24:34
MERGED from [com.android.support:support-vector-drawable:25.3.1] AndroidManifest.xml:22:5-24:34
MERGED from [com.android.support:support-vector-drawable:25.3.1] AndroidManifest.xml:22:5-24:34
MERGED from [com.android.support:support-compat:25.3.1] AndroidManifest.xml:25:5-27:34
MERGED from [com.android.support:support-compat:25.3.1] AndroidManifest.xml:25:5-27:34
	android:value
		ADDED from [com.android.support:support-v13:25.3.1] AndroidManifest.xml:27:9-31
	android:name
		ADDED from [com.android.support:support-v13:25.3.1] AndroidManifest.xml:26:9-47
uses-feature#0x00020000
ADDED from [com.google.android.gms:play-services-maps:10.2.1] AndroidManifest.xml:21:5-77
	android:glEsVersion
		ADDED from [com.google.android.gms:play-services-maps:10.2.1] AndroidManifest.xml:21:19-51
	android:required
		ADDED from [com.google.android.gms:play-services-maps:10.2.1] AndroidManifest.xml:21:52-75
activity#com.google.android.gms.auth.api.signin.internal.SignInHubActivity
ADDED from [com.google.android.gms:play-services-auth:10.2.1] AndroidManifest.xml:20:9-189
	android:excludeFromRecents
		ADDED from [com.google.android.gms:play-services-auth:10.2.1] AndroidManifest.xml:20:129-162
	android:exported
		ADDED from [com.google.android.gms:play-services-auth:10.2.1] AndroidManifest.xml:20:163-187
	android:theme
		ADDED from [com.google.android.gms:play-services-auth:10.2.1] AndroidManifest.xml:20:69-128
	android:name
		ADDED from [com.google.android.gms:play-services-auth:10.2.1] AndroidManifest.xml:20:19-68
service#com.google.android.gms.auth.api.signin.RevocationBoundService
ADDED from [com.google.android.gms:play-services-auth:10.2.1] AndroidManifest.xml:24:9-184
	android:exported
		ADDED from [com.google.android.gms:play-services-auth:10.2.1] AndroidManifest.xml:24:64-87
	android:permission
		ADDED from [com.google.android.gms:play-services-auth:10.2.1] AndroidManifest.xml:24:88-182
	android:name
		ADDED from [com.google.android.gms:play-services-auth:10.2.1] AndroidManifest.xml:24:18-63
activity#com.google.android.gms.common.api.GoogleApiActivity
ADDED from [com.google.android.gms:play-services-base:10.2.1] AndroidManifest.xml:19:9-172
	android:exported
		ADDED from [com.google.android.gms:play-services-base:10.2.1] AndroidManifest.xml:19:146-170
	android:theme
		ADDED from [com.google.android.gms:play-services-base:10.2.1] AndroidManifest.xml:19:86-145
	android:name
		ADDED from [com.google.android.gms:play-services-base:10.2.1] AndroidManifest.xml:19:19-85
meta-data#com.google.android.gms.version
ADDED from [com.google.android.gms:play-services-basement:10.2.1] AndroidManifest.xml:20:9-121
	android:value
		ADDED from [com.google.android.gms:play-services-basement:10.2.1] AndroidManifest.xml:20:66-119
	android:name
		ADDED from [com.google.android.gms:play-services-basement:10.2.1] AndroidManifest.xml:20:20-65
activity#com.devs.acr.ErrorReporterActivity
ADDED from [com.devs:acr:1.0.1] AndroidManifest.xml:15:9-18:59
	android:screenOrientation
		ADDED from [com.devs:acr:1.0.1] AndroidManifest.xml:17:13-49
	android:theme
		ADDED from [com.devs:acr:1.0.1] AndroidManifest.xml:18:13-56
	android:name
		ADDED from [com.devs:acr:1.0.1] AndroidManifest.xml:16:13-62